<?xml version="1.0" encoding="UTF-8" ?>
<testsuite failures="0" time="2.976" errors="0" skipped="0" tests="73" name="TestSuite">
  <properties>
    <property name="idea.version" value="2016.1"/>
    <property name="java.runtime.name" value="Java(TM) SE Runtime Environment"/>
    <property name="sun.boot.library.path" value="C:\Program Files (x86)\Java\jdk1.7.0_55\jre\bin"/>
    <property name="java.vm.version" value="24.55-b03"/>
    <property name="java.vm.vendor" value="Oracle Corporation"/>
    <property name="java.vendor.url" value="http://java.oracle.com/"/>
    <property name="path.separator" value=";"/>
    <property name="guice.disable.misplaced.annotation.check" value="true"/>
    <property name="java.vm.name" value="Java HotSpot(TM) Client VM"/>
    <property name="file.encoding.pkg" value="sun.io"/>
    <property name="idea.launcher.port" value="7533"/>
    <property name="user.script" value=""/>
    <property name="user.country" value="US"/>
    <property name="sun.java.launcher" value="SUN_STANDARD"/>
    <property name="sun.os.patch.level" value=""/>
    <property name="java.vm.specification.name" value="Java Virtual Machine Specification"/>
    <property name="user.dir" value="C:\Users\aydar\IdeaProjects\jcommune"/>
    <property name="java.runtime.version" value="1.7.0_55-b13"/>
    <property name="java.awt.graphicsenv" value="sun.awt.Win32GraphicsEnvironment"/>
    <property name="java.endorsed.dirs" value="C:\Program Files (x86)\Java\jdk1.7.0_55\jre\lib\endorsed"/>
    <property name="os.arch" value="x86"/>
    <property name="java.io.tmpdir" value="C:\Users\aydar\AppData\Local\Temp\"/>
    <property name="line.separator" value="
"/>
    <property name="java.vm.specification.vendor" value="Oracle Corporation"/>
    <property name="user.variant" value=""/>
    <property name="os.name" value="Windows 8.1"/>
    <property name="classworlds.conf" value="C:\Program Files (x86)\JetBrains\IntelliJ IDEA 2016.1\plugins\maven\lib\maven3\bin\m2.conf"/>
    <property name="sun.jnu.encoding" value="Cp1252"/>
    <property name="java.library.path" value="C:\Program Files (x86)\Java\jdk1.7.0_55\bin;C:\Windows\Sun\Java\bin;C:\Windows\system32;C:\Windows;C:\ProgramData\Oracle\Java\javapath;C:\Windows\system32;C:\Windows;C:\Windows\System32\Wbem;C:\Windows\System32\WindowsPowerShell\v1.0\;C:\Program Files\Git\cmd;C:\Program Files\Microsoft SQL Server\120\Tools\Binn\;C:\Program Files\Microsoft SQL Server\130\Tools\Binn\;C:\Program Files (x86)\nodejs\;C:\Program Files (x86)\Windows Kits\10\Windows Performance Toolkit\;C:\Program Files (x86)\GtkSharp\2.12\bin;C:\Program Files (x86)\QuickTime\QTSystem\;C:\Program Files\Java\jdk1.8.0_121;C:\Users\aydar\.dnx\bin;C:\Program Files\Microsoft DNX\Dnvm\;C:\Program Files (x86)\Microsoft Emulator Manager\1.0\;C:\Users\aydar\AppData\Local\Continuum\Anaconda3;C:\Users\aydar\AppData\Local\Continuum\Anaconda3\Scripts;C:\Users\aydar\AppData\Local\Continuum\Anaconda3\Library\bin;C:\Users\aydar\AppData\Local\Microsoft\WindowsApps;C:\Users\aydar\AppData\Roaming\npm;C:\Program Files\Java\jdk1.8.0_121;."/>
    <property name="java.specification.name" value="Java Platform API Specification"/>
    <property name="java.class.version" value="51.0"/>
    <property name="sun.management.compiler" value="HotSpot Client Compiler"/>
    <property name="os.version" value="6.3"/>
    <property name="user.home" value="C:\Users\aydar"/>
    <property name="user.timezone" value="Africa/Nairobi"/>
    <property name="java.awt.printerjob" value="sun.awt.windows.WPrinterJob"/>
    <property name="java.specification.version" value="1.7"/>
    <property name="idea.launcher.bin.path" value="C:\Program Files (x86)\JetBrains\IntelliJ IDEA 2016.1\bin"/>
    <property name="file.encoding" value="UTF-8"/>
    <property name="user.name" value="aydar"/>
    <property name="java.class.path" value="C:\Program Files (x86)\JetBrains\IntelliJ IDEA 2016.1\plugins\maven\lib\maven3\boot\plexus-classworlds-2.4.jar;C:\Program Files (x86)\JetBrains\IntelliJ IDEA 2016.1\lib\idea_rt.jar"/>
    <property name="java.vm.specification.version" value="1.7"/>
    <property name="sun.arch.data.model" value="32"/>
    <property name="java.home" value="C:\Program Files (x86)\Java\jdk1.7.0_55\jre"/>
    <property name="sun.java.command" value="com.intellij.rt.execution.application.AppMain org.codehaus.classworlds.Launcher -Didea.version=2016.1 clean install"/>
    <property name="java.specification.vendor" value="Oracle Corporation"/>
    <property name="user.language" value="en"/>
    <property name="awt.toolkit" value="sun.awt.windows.WToolkit"/>
    <property name="java.vm.info" value="mixed mode"/>
    <property name="java.version" value="1.7.0_55"/>
    <property name="java.ext.dirs" value="C:\Program Files (x86)\Java\jdk1.7.0_55\jre\lib\ext;C:\Windows\Sun\Java\lib\ext"/>
    <property name="sun.boot.class.path" value="C:\Program Files (x86)\Java\jdk1.7.0_55\jre\lib\resources.jar;C:\Program Files (x86)\Java\jdk1.7.0_55\jre\lib\rt.jar;C:\Program Files (x86)\Java\jdk1.7.0_55\jre\lib\sunrsasign.jar;C:\Program Files (x86)\Java\jdk1.7.0_55\jre\lib\jsse.jar;C:\Program Files (x86)\Java\jdk1.7.0_55\jre\lib\jce.jar;C:\Program Files (x86)\Java\jdk1.7.0_55\jre\lib\charsets.jar;C:\Program Files (x86)\Java\jdk1.7.0_55\jre\lib\jfr.jar;C:\Program Files (x86)\Java\jdk1.7.0_55\jre\classes"/>
    <property name="java.vendor" value="Oracle Corporation"/>
    <property name="maven.home" value="C:\Program Files (x86)\JetBrains\IntelliJ IDEA 2016.1\plugins\maven\lib\maven3"/>
    <property name="file.separator" value="\"/>
    <property name="java.vendor.url.bug" value="http://bugreport.sun.com/bugreport/"/>
    <property name="sun.cpu.endian" value="little"/>
    <property name="sun.io.unicode.encoding" value="UnicodeLittle"/>
    <property name="sun.desktop" value="windows"/>
    <property name="sun.cpu.isalist" value="pentium_pro+mmx pentium_pro pentium+mmx pentium i486 i386 i86"/>
  </properties>
  <testcase time="0.103" classname="org.jtalks.jcommune.plugin.questionsandanswers.QuestionSubscribersFilterTest" name="questionSubscribersFilterShouldLeaveOnlyPostAuthorInIfPostSubscribersFilters"/>
  <testcase time="0.002" classname="org.jtalks.jcommune.plugin.questionsandanswers.QuestionSubscribersFilterTest" name="questionSubscribersFilterShouldNotChangeRecepientsIfBranchSubscribersFilters"/>
  <testcase time="0" classname="org.jtalks.jcommune.plugin.questionsandanswers.QuestionSubscribersFilterTest" name="questionSubscribersFilterShouldNotChangeRecepientsIfPostFomTopicWithOtherType"/>
  <testcase time="0.001" classname="org.jtalks.jcommune.plugin.questionsandanswers.QuestionSubscribersFilterTest" name="questionSubscribersFilterShouldNotChangeRecepientsIfTopicSubscribersFilters"/>
  <testcase time="0.003" classname="org.jtalks.jcommune.plugin.questionsandanswers.controller.QuestionsAndAnswersControllerTest" name="addCommentShouldReturnFailResponseIfPostNotFound"/>
  <testcase time="0.001" classname="org.jtalks.jcommune.plugin.questionsandanswers.controller.QuestionsAndAnswersControllerTest" name="addCommentShouldReturnFailResponseIfValidationErrorOccurred"/>
  <testcase time="0.002" classname="org.jtalks.jcommune.plugin.questionsandanswers.controller.QuestionsAndAnswersControllerTest" name="canPostShouldReturnFailResponseIfLimitOfAnswersNotReached"/>
  <testcase time="0.001" classname="org.jtalks.jcommune.plugin.questionsandanswers.controller.QuestionsAndAnswersControllerTest" name="canPostShouldReturnSuccessResponseIfLimitOfAnswersNotReached"/>
  <testcase time="0.001" classname="org.jtalks.jcommune.plugin.questionsandanswers.controller.QuestionsAndAnswersControllerTest" name="canPostShouldThrowExceptionIfTopicNotFound"/>
  <testcase time="0.001" classname="org.jtalks.jcommune.plugin.questionsandanswers.controller.QuestionsAndAnswersControllerTest" name="closeQuestionShouldThrowExceptionWhenQuestionNotFound"/>
  <testcase time="0.211" classname="org.jtalks.jcommune.plugin.questionsandanswers.controller.QuestionsAndAnswersControllerTest" name="createAnswerMustReturnDraft_ifValidationFails"/>
  <testcase time="0.001" classname="org.jtalks.jcommune.plugin.questionsandanswers.controller.QuestionsAndAnswersControllerTest" name="createAnswerPageShouldThrowExceptionWhenTopicNotFound"/>
  <testcase time="0.014" classname="org.jtalks.jcommune.plugin.questionsandanswers.controller.QuestionsAndAnswersControllerTest" name="createAnswerShouldRedirectBackIfValidationFails"/>
  <testcase time="0.006" classname="org.jtalks.jcommune.plugin.questionsandanswers.controller.QuestionsAndAnswersControllerTest" name="createAnswerShouldUpdateAnswerIfValidationSuccess"/>
  <testcase time="0.013" classname="org.jtalks.jcommune.plugin.questionsandanswers.controller.QuestionsAndAnswersControllerTest" name="createQuestionShouldThrowExceptionIfBranchNotFound"/>
  <testcase time="0.031" classname="org.jtalks.jcommune.plugin.questionsandanswers.controller.QuestionsAndAnswersControllerTest" name="createQuestionSuccessTest"/>
  <testcase time="0.009" classname="org.jtalks.jcommune.plugin.questionsandanswers.controller.QuestionsAndAnswersControllerTest" name="createQuestionValidationErrorsTest"/>
  <testcase time="0.012" classname="org.jtalks.jcommune.plugin.questionsandanswers.controller.QuestionsAndAnswersControllerTest" name="deleteAnswerPageShouldRedirectToNeighborAnswer"/>
  <testcase time="0.001" classname="org.jtalks.jcommune.plugin.questionsandanswers.controller.QuestionsAndAnswersControllerTest" name="deleteAnswerPageShouldThrowExceptionWhenTopicNotFound"/>
  <testcase time="0.019" classname="org.jtalks.jcommune.plugin.questionsandanswers.controller.QuestionsAndAnswersControllerTest" name="editAnswerPageShouldRenderThePageIfAnswerIdIsCorrect"/>
  <testcase time="0.001" classname="org.jtalks.jcommune.plugin.questionsandanswers.controller.QuestionsAndAnswersControllerTest" name="editAnswerPageShouldThrowExceptionWhenAnswerNotFound"/>
  <testcase time="0.002" classname="org.jtalks.jcommune.plugin.questionsandanswers.controller.QuestionsAndAnswersControllerTest" name="editCommentShouldReturnFailResponseIfPostNotFound"/>
  <testcase time="0" classname="org.jtalks.jcommune.plugin.questionsandanswers.controller.QuestionsAndAnswersControllerTest" name="editCommentShouldReturnFailResponseIfValidationErrorOccurred"/>
  <testcase time="0" classname="org.jtalks.jcommune.plugin.questionsandanswers.controller.QuestionsAndAnswersControllerTest" name="editQuestionPageShouldThrowExceptionIfQuestionNotFound"/>
  <testcase time="0.01" classname="org.jtalks.jcommune.plugin.questionsandanswers.controller.QuestionsAndAnswersControllerTest" name="editQuestionPageSuccessTest"/>
  <testcase time="0.037" classname="org.jtalks.jcommune.plugin.questionsandanswers.controller.QuestionsAndAnswersControllerTest" name="getIconShouldSetNotFoundStatusForIncorrectIconName"/>
  <testcase time="0.002" classname="org.jtalks.jcommune.plugin.questionsandanswers.controller.QuestionsAndAnswersControllerTest" name="getIconShouldSetNotModifiedStatusIfRequestHaveIfModifiedSinceHeader"/>
  <testcase time="0.001" classname="org.jtalks.jcommune.plugin.questionsandanswers.controller.QuestionsAndAnswersControllerTest" name="openQuestionShouldThrowExceptionWhenQuestionNotFound"/>
  <testcase time="0.008" classname="org.jtalks.jcommune.plugin.questionsandanswers.controller.QuestionsAndAnswersControllerTest" name="shouldBeImpossibleToAddAnswerIfAnswersLimitReached"/>
  <testcase time="0.003" classname="org.jtalks.jcommune.plugin.questionsandanswers.controller.QuestionsAndAnswersControllerTest" name="shouldBeImpossibleToAddCommentIfCommentsLimitReached"/>
  <testcase time="0.016" classname="org.jtalks.jcommune.plugin.questionsandanswers.controller.QuestionsAndAnswersControllerTest" name="showNewQuestionPageShouldThrowExceptionIfBranchNotFound"/>
  <testcase time="0.009" classname="org.jtalks.jcommune.plugin.questionsandanswers.controller.QuestionsAndAnswersControllerTest" name="showNewQuestionPageTest"/>
  <testcase time="0.001" classname="org.jtalks.jcommune.plugin.questionsandanswers.controller.QuestionsAndAnswersControllerTest" name="showQuestionShouldThrowExceptionIfQuestionNotFound"/>
  <testcase time="0.001" classname="org.jtalks.jcommune.plugin.questionsandanswers.controller.QuestionsAndAnswersControllerTest" name="showQuestionShouldThrowExceptionIfUserRestrictedToViewTopicsInBranch"/>
  <testcase time="0.006" classname="org.jtalks.jcommune.plugin.questionsandanswers.controller.QuestionsAndAnswersControllerTest" name="showQuestionSuccessTest"/>
  <testcase time="0.002" classname="org.jtalks.jcommune.plugin.questionsandanswers.controller.QuestionsAndAnswersControllerTest" name="testAddCommentSuccess"/>
  <testcase time="0.001" classname="org.jtalks.jcommune.plugin.questionsandanswers.controller.QuestionsAndAnswersControllerTest" name="testCloseQuestionSuccess"/>
  <testcase time="0.001" classname="org.jtalks.jcommune.plugin.questionsandanswers.controller.QuestionsAndAnswersControllerTest" name="testDeleteCommentShouldReturnFailResponseIfCommentNotFound"/>
  <testcase time="0" classname="org.jtalks.jcommune.plugin.questionsandanswers.controller.QuestionsAndAnswersControllerTest" name="testDeleteCommentShouldReturnFailResponseIfPostNotFound"/>
  <testcase time="0.001" classname="org.jtalks.jcommune.plugin.questionsandanswers.controller.QuestionsAndAnswersControllerTest" name="testDeleteCommentSuccess"/>
  <testcase time="0.001" classname="org.jtalks.jcommune.plugin.questionsandanswers.controller.QuestionsAndAnswersControllerTest" name="testEditCommentSuccess"/>
  <testcase time="0.028" classname="org.jtalks.jcommune.plugin.questionsandanswers.controller.QuestionsAndAnswersControllerTest" name="testGetIcon"/>
  <testcase time="0" classname="org.jtalks.jcommune.plugin.questionsandanswers.controller.QuestionsAndAnswersControllerTest" name="testOpenQuestionSuccess"/>
  <testcase time="0.001" classname="org.jtalks.jcommune.plugin.questionsandanswers.controller.QuestionsAndAnswersControllerTest" name="updateAnswerPageShouldThrowExceptionWhenAnswerNotFound"/>
  <testcase time="0.017" classname="org.jtalks.jcommune.plugin.questionsandanswers.controller.QuestionsAndAnswersControllerTest" name="updateAnswerShouldRedirectBackIfValidationFails"/>
  <testcase time="0.001" classname="org.jtalks.jcommune.plugin.questionsandanswers.controller.QuestionsAndAnswersControllerTest" name="updateAnswerShouldUpdateAnswerIfValidationSuccess"/>
  <testcase time="0.001" classname="org.jtalks.jcommune.plugin.questionsandanswers.controller.QuestionsAndAnswersControllerTest" name="updateQuestionShouldThrowExceptionIfQuestionNotFound"/>
  <testcase time="0.003" classname="org.jtalks.jcommune.plugin.questionsandanswers.controller.QuestionsAndAnswersControllerTest" name="updateQuestionSuccessTest"/>
  <testcase time="0.025" classname="org.jtalks.jcommune.plugin.questionsandanswers.controller.QuestionsAndAnswersControllerTest" name="updateQuestionValidationErrorsTest"/>
  <testcase time="0.005" classname="org.jtalks.jcommune.plugin.questionsandanswers.QuestionsAndAnswersPluginTest" name="applyConfigurationShouldThrowRuntimeExceptionIfPassedEmptyProperties"/>
  <testcase time="0.007" classname="org.jtalks.jcommune.plugin.questionsandanswers.QuestionsAndAnswersPluginTest" name="configurationWithIncorrectParameterShouldThrowUnexpectedErrorException"/>
  <testcase time="0" classname="org.jtalks.jcommune.plugin.questionsandanswers.QuestionsAndAnswersPluginTest" name="configurationWithIncorrectParameterTypeShouldThrowUnexpectedErrorException"/>
  <testcase time="0" classname="org.jtalks.jcommune.plugin.questionsandanswers.QuestionsAndAnswersPluginTest" name="configurationWithIncorrectParametersNumberShouldThrowUnexpectedErrorException"/>
  <testcase time="0.055" classname="org.jtalks.jcommune.plugin.questionsandanswers.QuestionsAndAnswersPluginTest" name="defaultConfigurationShouldBeAppliedIfConfigureWithNullOrderValue"/>
  <testcase time="0.002" classname="org.jtalks.jcommune.plugin.questionsandanswers.QuestionsAndAnswersPluginTest" name="getBranchPermissionByMaskShouldReturnCorrectPermission"/>
  <testcase time="0" classname="org.jtalks.jcommune.plugin.questionsandanswers.QuestionsAndAnswersPluginTest" name="getBranchPermissionByMaskShouldReturnNullIfPermissionNotFound"/>
  <testcase time="0" classname="org.jtalks.jcommune.plugin.questionsandanswers.QuestionsAndAnswersPluginTest" name="getBranchPermissionByNameShouldReturnCorrectPermission"/>
  <testcase time="0" classname="org.jtalks.jcommune.plugin.questionsandanswers.QuestionsAndAnswersPluginTest" name="getBranchPermissionByNameShouldReturnNullIfPermissionNotFound"/>
  <testcase time="0" classname="org.jtalks.jcommune.plugin.questionsandanswers.QuestionsAndAnswersPluginTest" name="getTopicTypeTest"/>
  <testcase time="0" classname="org.jtalks.jcommune.plugin.questionsandanswers.QuestionsAndAnswersPluginTest" name="supportsJCommuneVersionShouldReturnTrue"/>
  <testcase time="0.001" classname="org.jtalks.jcommune.plugin.questionsandanswers.QuestionsAndAnswersPluginTest" name="testApplyConfiguration"/>
  <testcase time="0.005" classname="org.jtalks.jcommune.plugin.questionsandanswers.QuestionsAndAnswersPluginTest" name="testConfigure"/>
  <testcase time="0" classname="org.jtalks.jcommune.plugin.questionsandanswers.QuestionsAndAnswersPluginTest" name="testCreateTopicPermission"/>
  <testcase time="0.005" classname="org.jtalks.jcommune.plugin.questionsandanswers.QuestionsAndAnswersPluginTest" name="testGetBranchPermissions"/>
  <testcase time="0.001" classname="org.jtalks.jcommune.plugin.questionsandanswers.QuestionsAndAnswersPluginTest" name="testGetCreateTopicBtnDto"/>
  <testcase time="0" classname="org.jtalks.jcommune.plugin.questionsandanswers.QuestionsAndAnswersPluginTest" name="testGetDefaultConfiguration"/>
  <testcase time="0.001" classname="org.jtalks.jcommune.plugin.questionsandanswers.QuestionsAndAnswersPluginTest" name="translateLabelWithExistingTranslation"/>
  <testcase time="0" classname="org.jtalks.jcommune.plugin.questionsandanswers.QuestionsAndAnswersPluginTest" name="translateLabelWithoutExistingTranslation"/>
  <testcase time="0" classname="org.jtalks.jcommune.plugin.questionsandanswers.QuestionsPluginPermissionTest" name="findByMaskShouldReturnCorrectPermission"/>
  <testcase time="0" classname="org.jtalks.jcommune.plugin.questionsandanswers.QuestionsPluginPermissionTest" name="findByMaskShouldReturnNullIfPermissionNotFound"/>
  <testcase time="0" classname="org.jtalks.jcommune.plugin.questionsandanswers.QuestionsPluginPermissionTest" name="getPatternShouldReturnNull"/>
  <testcase time="0" classname="org.jtalks.jcommune.plugin.questionsandanswers.QuestionsPluginPermissionTest" name="testGetName"/>
  <testcase time="0" classname="org.jtalks.jcommune.plugin.questionsandanswers.QuestionsPluginPermissionTest" name="testNoIdenticalConstants"/>
</testsuite>