<?xml version="1.0" encoding="UTF-8"?>
<!-- Generated by org.testng.reporters.JUnitReportReporter -->
<testsuite hostname="DESKTOP-8CBSCDJ" name="org.jtalks.jcommune.plugin.auth.poulpe.service.PoulpeAuthServiceIntegrationTest" tests="5" failures="0" timestamp="21 Mar 2017 16:33:50 GMT" time="1.317" errors="0">
  <testcase name="testSendRegistrationRequestShouldBeSuccessful" time="0.814" classname="org.jtalks.jcommune.plugin.auth.poulpe.service.PoulpeAuthServiceIntegrationTest"/>
  <testcase name="testSendAuthRequestWithValidCredentialsShouldBeSuccessful" time="0.006" classname="org.jtalks.jcommune.plugin.auth.poulpe.service.PoulpeAuthServiceIntegrationTest"/>
  <testcase name="testSendRegistrationRequestWithValidationErrorResponseShouldFail" time="0.007" classname="org.jtalks.jcommune.plugin.auth.poulpe.service.PoulpeAuthServiceIntegrationTest"/>
  <testcase name="testSendAuthRequestWithInvalidCredentialsShouldFail" time="0.483" classname="org.jtalks.jcommune.plugin.auth.poulpe.service.PoulpeAuthServiceIntegrationTest"/>
  <testcase name="testSendRegistrationRequestWithBadResponseShouldFail" time="0.007" classname="org.jtalks.jcommune.plugin.auth.poulpe.service.PoulpeAuthServiceIntegrationTest"/>
</testsuite>
