<?xml version="1.0" encoding="UTF-8"?>
<!-- Generated by org.testng.reporters.JUnitReportReporter -->
<testsuite hostname="DESKTOP-8CBSCDJ" name="org.jtalks.jcommune.plugin.auth.poulpe.PoulpeAuthPluginTest" tests="15" failures="0" timestamp="21 Mar 2017 16:33:50 GMT" time="0.201" errors="0">
  <testcase name="translateLabelWithExistingTranslation" time="0.003" classname="org.jtalks.jcommune.plugin.auth.poulpe.PoulpeAuthPluginTest"/>
  <testcase name="authenticateShouldThrowUnexpectedErrorExceptionIfSomeErrorOccurred" time="0.002" classname="org.jtalks.jcommune.plugin.auth.poulpe.PoulpeAuthPluginTest"/>
  <testcase name="testConfigure" time="0.000" classname="org.jtalks.jcommune.plugin.auth.poulpe.PoulpeAuthPluginTest"/>
  <testcase name="authenticateShouldThrowNoConnectionExceptionIfPoulpeUnavailable" time="0.021" classname="org.jtalks.jcommune.plugin.auth.poulpe.PoulpeAuthPluginTest"/>
  <testcase name="pluginWithIncorrectParametersShouldNotBeConfigured" time="0.003" classname="org.jtalks.jcommune.plugin.auth.poulpe.PoulpeAuthPluginTest"/>
  <testcase name="userShouldNotBeRegisteredIfSomeErrorOccurred" time="0.002" classname="org.jtalks.jcommune.plugin.auth.poulpe.PoulpeAuthPluginTest"/>
  <testcase name="pluginWithIncorrectUrlShouldNotBeConfigured" time="0.001" classname="org.jtalks.jcommune.plugin.auth.poulpe.PoulpeAuthPluginTest"/>
  <testcase name="translateLabelWithoutExistingTranslation" time="0.001" classname="org.jtalks.jcommune.plugin.auth.poulpe.PoulpeAuthPluginTest"/>
  <testcase name="userShouldNotBeAuthenticatedIfSomeErrorOccurred" time="0.001" classname="org.jtalks.jcommune.plugin.auth.poulpe.PoulpeAuthPluginTest"/>
  <testcase name="pluginWithIncorrectUrlShouldThrowException" time="0.000" classname="org.jtalks.jcommune.plugin.auth.poulpe.PoulpeAuthPluginTest"/>
  <testcase name="userWithCorrectParametersShouldBeRegistered" time="0.000" classname="org.jtalks.jcommune.plugin.auth.poulpe.PoulpeAuthPluginTest"/>
  <testcase name="registerUserShouldThrowNoConnectionExceptionIfPoulpeUnavailable" time="0.002" classname="org.jtalks.jcommune.plugin.auth.poulpe.PoulpeAuthPluginTest"/>
  <testcase name="registerUserShouldThrowUnexpectedErrorExceptionIfSomeErrorOccurred" time="0.001" classname="org.jtalks.jcommune.plugin.auth.poulpe.PoulpeAuthPluginTest"/>
  <testcase name="userWithCorrectParametersShouldBeAuthenticated" time="0.163" classname="org.jtalks.jcommune.plugin.auth.poulpe.PoulpeAuthPluginTest"/>
  <testcase name="pluginWithIncorrectParametersShouldThrowException" time="0.001" classname="org.jtalks.jcommune.plugin.auth.poulpe.PoulpeAuthPluginTest"/>
</testsuite>
