<?xml version="1.0" encoding="UTF-8"?>
<!-- Generated by org.testng.reporters.JUnitReportReporter -->
<testsuite hostname="DESKTOP-8CBSCDJ" name="org.jtalks.jcommune.plugin.kaptcha.KaptchaPluginServiceTest" tests="5" failures="0" timestamp="21 Mar 2017 16:33:55 GMT" time="0.565" errors="0">
  <testcase name="testCoincidenceCaptchaWithInputValue" time="0.323" classname="org.jtalks.jcommune.plugin.kaptcha.KaptchaPluginServiceTest"/>
  <testcase name="testValidateCaptchaWhenImagesInBrowserIsDisabled" time="0.003" classname="org.jtalks.jcommune.plugin.kaptcha.KaptchaPluginServiceTest"/>
  <testcase name="testGetHtml" time="0.143" classname="org.jtalks.jcommune.plugin.kaptcha.KaptchaPluginServiceTest"/>
  <testcase name="testNoCoincidenceCaptchaWithInputValue" time="0.021" classname="org.jtalks.jcommune.plugin.kaptcha.KaptchaPluginServiceTest"/>
  <testcase name="testHandleRequestToCaptchaImage" time="0.075" classname="org.jtalks.jcommune.plugin.kaptcha.KaptchaPluginServiceTest"/>
</testsuite>
