<?xml version="1.0" encoding="UTF-8"?>
<!-- Generated by org.testng.reporters.JUnitReportReporter -->
<testsuite hostname="DESKTOP-8CBSCDJ" name="org.jtalks.jcommune.plugin.kaptcha.KaptchaPluginTest" tests="10" failures="0" timestamp="21 Mar 2017 16:33:55 GMT" time="0.048" errors="0">
  <testcase name="applyConfigurationWithInvalidPropertiesShouldBeFailed" time="0.003" classname="org.jtalks.jcommune.plugin.kaptcha.KaptchaPluginTest"/>
  <testcase name="testGetDefaultConfiguration" time="0.001" classname="org.jtalks.jcommune.plugin.kaptcha.KaptchaPluginTest"/>
  <testcase name="testRegisterUserIfThereWereValidationErrorsShouldReturnErrors" time="0.001" classname="org.jtalks.jcommune.plugin.kaptcha.KaptchaPluginTest"/>
  <testcase name="testRegisterUserIfThereNoValidationErrorsShouldBeSuccessful" time="0.001" classname="org.jtalks.jcommune.plugin.kaptcha.KaptchaPluginTest"/>
  <testcase name="testValidateUserIfThereNoValidationErrorsShouldBeSuccessful" time="0.001" classname="org.jtalks.jcommune.plugin.kaptcha.KaptchaPluginTest"/>
  <testcase name="testGetHtml" time="0.001" classname="org.jtalks.jcommune.plugin.kaptcha.KaptchaPluginTest"/>
  <testcase name="doActionShouldBeSuccessfulIfCaptchaRefreshed" time="0.001" classname="org.jtalks.jcommune.plugin.kaptcha.KaptchaPluginTest"/>
  <testcase name="applyConfigurationWithCorrectValuesShouldBeSuccessful" time="0.007" classname="org.jtalks.jcommune.plugin.kaptcha.KaptchaPluginTest"/>
  <testcase name="doActionShouldBeSuccessfulIfCaptchaNotRefreshed" time="0.013" classname="org.jtalks.jcommune.plugin.kaptcha.KaptchaPluginTest"/>
  <testcase name="testValidateUserIfThereWereValidationErrorsShouldReturnErrors" time="0.019" classname="org.jtalks.jcommune.plugin.kaptcha.KaptchaPluginTest"/>
</testsuite>
