<?xml version="1.0" encoding="UTF-8"?>
<!-- Generated by org.testng.reporters.JUnitReportReporter -->
<testsuite hostname="DESKTOP-8CBSCDJ" name="org.jtalks.jcommune.plugin.questionsandanswers.QuestionsPluginPermissionTest" tests="5" failures="0" timestamp="21 Mar 2017 16:34:00 GMT" time="0.001" errors="0">
  <testcase name="getPatternShouldReturnNull" time="0.000" classname="org.jtalks.jcommune.plugin.questionsandanswers.QuestionsPluginPermissionTest"/>
  <testcase name="findByMaskShouldReturnNullIfPermissionNotFound" time="0.000" classname="org.jtalks.jcommune.plugin.questionsandanswers.QuestionsPluginPermissionTest"/>
  <testcase name="testNoIdenticalConstants" time="0.000" classname="org.jtalks.jcommune.plugin.questionsandanswers.QuestionsPluginPermissionTest"/>
  <testcase name="testGetName" time="0.000" classname="org.jtalks.jcommune.plugin.questionsandanswers.QuestionsPluginPermissionTest"/>
  <testcase name="findByMaskShouldReturnCorrectPermission" time="0.001" classname="org.jtalks.jcommune.plugin.questionsandanswers.QuestionsPluginPermissionTest"/>
</testsuite>
