<?xml version="1.0" encoding="UTF-8"?>
<!-- Generated by org.testng.reporters.JUnitReportReporter -->
<testsuite hostname="DESKTOP-8CBSCDJ" name="org.jtalks.jcommune.plugin.questionsandanswers.QuestionsAndAnswersPluginTest" tests="19" failures="0" timestamp="21 Mar 2017 16:34:00 GMT" time="0.083" errors="0">
  <testcase name="testGetDefaultConfiguration" time="0.000" classname="org.jtalks.jcommune.plugin.questionsandanswers.QuestionsAndAnswersPluginTest"/>
  <testcase name="getBranchPermissionByMaskShouldReturnNullIfPermissionNotFound" time="0.001" classname="org.jtalks.jcommune.plugin.questionsandanswers.QuestionsAndAnswersPluginTest"/>
  <testcase name="translateLabelWithExistingTranslation" time="0.001" classname="org.jtalks.jcommune.plugin.questionsandanswers.QuestionsAndAnswersPluginTest"/>
  <testcase name="applyConfigurationShouldThrowRuntimeExceptionIfPassedEmptyProperties" time="0.005" classname="org.jtalks.jcommune.plugin.questionsandanswers.QuestionsAndAnswersPluginTest"/>
  <testcase name="getTopicTypeTest" time="0.000" classname="org.jtalks.jcommune.plugin.questionsandanswers.QuestionsAndAnswersPluginTest"/>
  <testcase name="supportsJCommuneVersionShouldReturnTrue" time="0.000" classname="org.jtalks.jcommune.plugin.questionsandanswers.QuestionsAndAnswersPluginTest"/>
  <testcase name="defaultConfigurationShouldBeAppliedIfConfigureWithNullOrderValue" time="0.055" classname="org.jtalks.jcommune.plugin.questionsandanswers.QuestionsAndAnswersPluginTest"/>
  <testcase name="getBranchPermissionByMaskShouldReturnCorrectPermission" time="0.002" classname="org.jtalks.jcommune.plugin.questionsandanswers.QuestionsAndAnswersPluginTest"/>
  <testcase name="configurationWithIncorrectParametersNumberShouldThrowUnexpectedErrorException" time="0.001" classname="org.jtalks.jcommune.plugin.questionsandanswers.QuestionsAndAnswersPluginTest"/>
  <testcase name="translateLabelWithoutExistingTranslation" time="0.000" classname="org.jtalks.jcommune.plugin.questionsandanswers.QuestionsAndAnswersPluginTest"/>
  <testcase name="testConfigure" time="0.004" classname="org.jtalks.jcommune.plugin.questionsandanswers.QuestionsAndAnswersPluginTest"/>
  <testcase name="getBranchPermissionByNameShouldReturnNullIfPermissionNotFound" time="0.000" classname="org.jtalks.jcommune.plugin.questionsandanswers.QuestionsAndAnswersPluginTest"/>
  <testcase name="testApplyConfiguration" time="0.000" classname="org.jtalks.jcommune.plugin.questionsandanswers.QuestionsAndAnswersPluginTest"/>
  <testcase name="configurationWithIncorrectParameterShouldThrowUnexpectedErrorException" time="0.008" classname="org.jtalks.jcommune.plugin.questionsandanswers.QuestionsAndAnswersPluginTest"/>
  <testcase name="getBranchPermissionByNameShouldReturnCorrectPermission" time="0.000" classname="org.jtalks.jcommune.plugin.questionsandanswers.QuestionsAndAnswersPluginTest"/>
  <testcase name="testGetBranchPermissions" time="0.005" classname="org.jtalks.jcommune.plugin.questionsandanswers.QuestionsAndAnswersPluginTest"/>
  <testcase name="configurationWithIncorrectParameterTypeShouldThrowUnexpectedErrorException" time="0.000" classname="org.jtalks.jcommune.plugin.questionsandanswers.QuestionsAndAnswersPluginTest"/>
  <testcase name="testCreateTopicPermission" time="0.000" classname="org.jtalks.jcommune.plugin.questionsandanswers.QuestionsAndAnswersPluginTest"/>
  <testcase name="testGetCreateTopicBtnDto" time="0.001" classname="org.jtalks.jcommune.plugin.questionsandanswers.QuestionsAndAnswersPluginTest"/>
</testsuite>
