<?xml version="1.0" encoding="UTF-8"?>
<!-- Generated by org.testng.reporters.JUnitReportReporter -->
<testsuite hostname="DESKTOP-8CBSCDJ" name="org.jtalks.jcommune.plugin.questionsandanswers.QuestionSubscribersFilterTest" tests="4" failures="0" timestamp="21 Mar 2017 16:34:00 GMT" time="0.105" errors="0">
  <testcase name="questionSubscribersFilterShouldLeaveOnlyPostAuthorInIfPostSubscribersFilters" time="0.104" classname="org.jtalks.jcommune.plugin.questionsandanswers.QuestionSubscribersFilterTest"/>
  <testcase name="questionSubscribersFilterShouldNotChangeRecepientsIfBranchSubscribersFilters" time="0.001" classname="org.jtalks.jcommune.plugin.questionsandanswers.QuestionSubscribersFilterTest"/>
  <testcase name="questionSubscribersFilterShouldNotChangeRecepientsIfTopicSubscribersFilters" time="0.000" classname="org.jtalks.jcommune.plugin.questionsandanswers.QuestionSubscribersFilterTest"/>
  <testcase name="questionSubscribersFilterShouldNotChangeRecepientsIfPostFomTopicWithOtherType" time="0.000" classname="org.jtalks.jcommune.plugin.questionsandanswers.QuestionSubscribersFilterTest"/>
</testsuite>
