<?xml version="1.0" encoding="UTF-8"?>
<!-- Generated by org.testng.reporters.JUnitReportReporter -->
<testsuite hostname="DESKTOP-8CBSCDJ" name="org.jtalks.jcommune.plugin.questionsandanswers.controller.QuestionsAndAnswersControllerTest" tests="45" failures="0" timestamp="21 Mar 2017 16:34:00 GMT" time="0.982" errors="0">
  <testcase name="showNewQuestionPageShouldThrowExceptionIfBranchNotFound" time="0.019" classname="org.jtalks.jcommune.plugin.questionsandanswers.controller.QuestionsAndAnswersControllerTest"/>
  <testcase name="openQuestionShouldThrowExceptionWhenQuestionNotFound" time="0.004" classname="org.jtalks.jcommune.plugin.questionsandanswers.controller.QuestionsAndAnswersControllerTest"/>
  <testcase name="updateQuestionValidationErrorsTest" time="0.026" classname="org.jtalks.jcommune.plugin.questionsandanswers.controller.QuestionsAndAnswersControllerTest"/>
  <testcase name="testDeleteCommentShouldReturnFailResponseIfCommentNotFound" time="0.005" classname="org.jtalks.jcommune.plugin.questionsandanswers.controller.QuestionsAndAnswersControllerTest"/>
  <testcase name="getIconShouldSetNotFoundStatusForIncorrectIconName" time="0.043" classname="org.jtalks.jcommune.plugin.questionsandanswers.controller.QuestionsAndAnswersControllerTest"/>
  <testcase name="updateAnswerShouldUpdateAnswerIfValidationSuccess" time="0.005" classname="org.jtalks.jcommune.plugin.questionsandanswers.controller.QuestionsAndAnswersControllerTest"/>
  <testcase name="shouldBeImpossibleToAddAnswerIfAnswersLimitReached" time="0.011" classname="org.jtalks.jcommune.plugin.questionsandanswers.controller.QuestionsAndAnswersControllerTest"/>
  <testcase name="getIconShouldSetNotModifiedStatusIfRequestHaveIfModifiedSinceHeader" time="0.006" classname="org.jtalks.jcommune.plugin.questionsandanswers.controller.QuestionsAndAnswersControllerTest"/>
  <testcase name="canPostShouldReturnSuccessResponseIfLimitOfAnswersNotReached" time="0.004" classname="org.jtalks.jcommune.plugin.questionsandanswers.controller.QuestionsAndAnswersControllerTest"/>
  <testcase name="updateAnswerShouldRedirectBackIfValidationFails" time="0.020" classname="org.jtalks.jcommune.plugin.questionsandanswers.controller.QuestionsAndAnswersControllerTest"/>
  <testcase name="createAnswerMustReturnDraft_ifValidationFails" time="0.215" classname="org.jtalks.jcommune.plugin.questionsandanswers.controller.QuestionsAndAnswersControllerTest"/>
  <testcase name="createAnswerPageShouldThrowExceptionWhenTopicNotFound" time="0.004" classname="org.jtalks.jcommune.plugin.questionsandanswers.controller.QuestionsAndAnswersControllerTest"/>
  <testcase name="shouldBeImpossibleToAddCommentIfCommentsLimitReached" time="0.006" classname="org.jtalks.jcommune.plugin.questionsandanswers.controller.QuestionsAndAnswersControllerTest"/>
  <testcase name="editAnswerPageShouldRenderThePageIfAnswerIdIsCorrect" time="0.309" classname="org.jtalks.jcommune.plugin.questionsandanswers.controller.QuestionsAndAnswersControllerTest"/>
  <testcase name="testAddCommentSuccess" time="0.005" classname="org.jtalks.jcommune.plugin.questionsandanswers.controller.QuestionsAndAnswersControllerTest"/>
  <testcase name="deleteAnswerPageShouldRedirectToNeighborAnswer" time="0.015" classname="org.jtalks.jcommune.plugin.questionsandanswers.controller.QuestionsAndAnswersControllerTest"/>
  <testcase name="editAnswerPageShouldThrowExceptionWhenAnswerNotFound" time="0.004" classname="org.jtalks.jcommune.plugin.questionsandanswers.controller.QuestionsAndAnswersControllerTest"/>
  <testcase name="canPostShouldThrowExceptionIfTopicNotFound" time="0.005" classname="org.jtalks.jcommune.plugin.questionsandanswers.controller.QuestionsAndAnswersControllerTest"/>
  <testcase name="deleteAnswerPageShouldThrowExceptionWhenTopicNotFound" time="0.006" classname="org.jtalks.jcommune.plugin.questionsandanswers.controller.QuestionsAndAnswersControllerTest"/>
  <testcase name="createQuestionSuccessTest" time="0.034" classname="org.jtalks.jcommune.plugin.questionsandanswers.controller.QuestionsAndAnswersControllerTest"/>
  <testcase name="editCommentShouldReturnFailResponseIfValidationErrorOccurred" time="0.004" classname="org.jtalks.jcommune.plugin.questionsandanswers.controller.QuestionsAndAnswersControllerTest"/>
  <testcase name="addCommentShouldReturnFailResponseIfPostNotFound" time="0.009" classname="org.jtalks.jcommune.plugin.questionsandanswers.controller.QuestionsAndAnswersControllerTest"/>
  <testcase name="testDeleteCommentShouldReturnFailResponseIfPostNotFound" time="0.003" classname="org.jtalks.jcommune.plugin.questionsandanswers.controller.QuestionsAndAnswersControllerTest"/>
  <testcase name="showQuestionSuccessTest" time="0.009" classname="org.jtalks.jcommune.plugin.questionsandanswers.controller.QuestionsAndAnswersControllerTest"/>
  <testcase name="editCommentShouldReturnFailResponseIfPostNotFound" time="0.006" classname="org.jtalks.jcommune.plugin.questionsandanswers.controller.QuestionsAndAnswersControllerTest"/>
  <testcase name="showQuestionShouldThrowExceptionIfQuestionNotFound" time="0.025" classname="org.jtalks.jcommune.plugin.questionsandanswers.controller.QuestionsAndAnswersControllerTest"/>
  <testcase name="updateAnswerPageShouldThrowExceptionWhenAnswerNotFound" time="0.005" classname="org.jtalks.jcommune.plugin.questionsandanswers.controller.QuestionsAndAnswersControllerTest"/>
  <testcase name="createQuestionValidationErrorsTest" time="0.012" classname="org.jtalks.jcommune.plugin.questionsandanswers.controller.QuestionsAndAnswersControllerTest"/>
  <testcase name="showNewQuestionPageTest" time="0.012" classname="org.jtalks.jcommune.plugin.questionsandanswers.controller.QuestionsAndAnswersControllerTest"/>
  <testcase name="testEditCommentSuccess" time="0.004" classname="org.jtalks.jcommune.plugin.questionsandanswers.controller.QuestionsAndAnswersControllerTest"/>
  <testcase name="testCloseQuestionSuccess" time="0.006" classname="org.jtalks.jcommune.plugin.questionsandanswers.controller.QuestionsAndAnswersControllerTest"/>
  <testcase name="testDeleteCommentSuccess" time="0.006" classname="org.jtalks.jcommune.plugin.questionsandanswers.controller.QuestionsAndAnswersControllerTest"/>
  <testcase name="createAnswerShouldUpdateAnswerIfValidationSuccess" time="0.010" classname="org.jtalks.jcommune.plugin.questionsandanswers.controller.QuestionsAndAnswersControllerTest"/>
  <testcase name="updateQuestionShouldThrowExceptionIfQuestionNotFound" time="0.004" classname="org.jtalks.jcommune.plugin.questionsandanswers.controller.QuestionsAndAnswersControllerTest"/>
  <testcase name="updateQuestionSuccessTest" time="0.012" classname="org.jtalks.jcommune.plugin.questionsandanswers.controller.QuestionsAndAnswersControllerTest"/>
  <testcase name="closeQuestionShouldThrowExceptionWhenQuestionNotFound" time="0.004" classname="org.jtalks.jcommune.plugin.questionsandanswers.controller.QuestionsAndAnswersControllerTest"/>
  <testcase name="showQuestionShouldThrowExceptionIfUserRestrictedToViewTopicsInBranch" time="0.006" classname="org.jtalks.jcommune.plugin.questionsandanswers.controller.QuestionsAndAnswersControllerTest"/>
  <testcase name="canPostShouldReturnFailResponseIfLimitOfAnswersNotReached" time="0.007" classname="org.jtalks.jcommune.plugin.questionsandanswers.controller.QuestionsAndAnswersControllerTest"/>
  <testcase name="editQuestionPageShouldThrowExceptionIfQuestionNotFound" time="0.004" classname="org.jtalks.jcommune.plugin.questionsandanswers.controller.QuestionsAndAnswersControllerTest"/>
  <testcase name="testOpenQuestionSuccess" time="0.004" classname="org.jtalks.jcommune.plugin.questionsandanswers.controller.QuestionsAndAnswersControllerTest"/>
  <testcase name="createAnswerShouldRedirectBackIfValidationFails" time="0.018" classname="org.jtalks.jcommune.plugin.questionsandanswers.controller.QuestionsAndAnswersControllerTest"/>
  <testcase name="addCommentShouldReturnFailResponseIfValidationErrorOccurred" time="0.005" classname="org.jtalks.jcommune.plugin.questionsandanswers.controller.QuestionsAndAnswersControllerTest"/>
  <testcase name="editQuestionPageSuccessTest" time="0.015" classname="org.jtalks.jcommune.plugin.questionsandanswers.controller.QuestionsAndAnswersControllerTest"/>
  <testcase name="testGetIcon" time="0.031" classname="org.jtalks.jcommune.plugin.questionsandanswers.controller.QuestionsAndAnswersControllerTest"/>
  <testcase name="createQuestionShouldThrowExceptionIfBranchNotFound" time="0.015" classname="org.jtalks.jcommune.plugin.questionsandanswers.controller.QuestionsAndAnswersControllerTest"/>
</testsuite>
