<?xml version="1.0" encoding="UTF-8" ?>
<testsuite failures="0" time="3.461" errors="0" skipped="0" tests="27" name="TestSuite">
  <properties>
    <property name="idea.version" value="2016.1"/>
    <property name="java.runtime.name" value="Java(TM) SE Runtime Environment"/>
    <property name="sun.boot.library.path" value="C:\Program Files (x86)\Java\jdk1.7.0_55\jre\bin"/>
    <property name="java.vm.version" value="24.55-b03"/>
    <property name="java.vm.vendor" value="Oracle Corporation"/>
    <property name="java.vendor.url" value="http://java.oracle.com/"/>
    <property name="path.separator" value=";"/>
    <property name="guice.disable.misplaced.annotation.check" value="true"/>
    <property name="java.vm.name" value="Java HotSpot(TM) Client VM"/>
    <property name="file.encoding.pkg" value="sun.io"/>
    <property name="idea.launcher.port" value="7533"/>
    <property name="user.script" value=""/>
    <property name="user.country" value="US"/>
    <property name="sun.java.launcher" value="SUN_STANDARD"/>
    <property name="sun.os.patch.level" value=""/>
    <property name="java.vm.specification.name" value="Java Virtual Machine Specification"/>
    <property name="user.dir" value="C:\Users\aydar\IdeaProjects\jcommune"/>
    <property name="java.runtime.version" value="1.7.0_55-b13"/>
    <property name="java.awt.graphicsenv" value="sun.awt.Win32GraphicsEnvironment"/>
    <property name="java.endorsed.dirs" value="C:\Program Files (x86)\Java\jdk1.7.0_55\jre\lib\endorsed"/>
    <property name="os.arch" value="x86"/>
    <property name="java.io.tmpdir" value="C:\Users\aydar\AppData\Local\Temp\"/>
    <property name="line.separator" value="
"/>
    <property name="java.vm.specification.vendor" value="Oracle Corporation"/>
    <property name="user.variant" value=""/>
    <property name="os.name" value="Windows 8.1"/>
    <property name="classworlds.conf" value="C:\Program Files (x86)\JetBrains\IntelliJ IDEA 2016.1\plugins\maven\lib\maven3\bin\m2.conf"/>
    <property name="sun.jnu.encoding" value="Cp1252"/>
    <property name="java.library.path" value="C:\Program Files (x86)\Java\jdk1.7.0_55\bin;C:\Windows\Sun\Java\bin;C:\Windows\system32;C:\Windows;C:\ProgramData\Oracle\Java\javapath;C:\Windows\system32;C:\Windows;C:\Windows\System32\Wbem;C:\Windows\System32\WindowsPowerShell\v1.0\;C:\Program Files\Git\cmd;C:\Program Files\Microsoft SQL Server\120\Tools\Binn\;C:\Program Files\Microsoft SQL Server\130\Tools\Binn\;C:\Program Files (x86)\nodejs\;C:\Program Files (x86)\Windows Kits\10\Windows Performance Toolkit\;C:\Program Files (x86)\GtkSharp\2.12\bin;C:\Program Files (x86)\QuickTime\QTSystem\;C:\Program Files\Java\jdk1.8.0_121;C:\Users\aydar\.dnx\bin;C:\Program Files\Microsoft DNX\Dnvm\;C:\Program Files (x86)\Microsoft Emulator Manager\1.0\;C:\Users\aydar\AppData\Local\Continuum\Anaconda3;C:\Users\aydar\AppData\Local\Continuum\Anaconda3\Scripts;C:\Users\aydar\AppData\Local\Continuum\Anaconda3\Library\bin;C:\Users\aydar\AppData\Local\Microsoft\WindowsApps;C:\Users\aydar\AppData\Roaming\npm;C:\Program Files\Java\jdk1.8.0_121;."/>
    <property name="java.specification.name" value="Java Platform API Specification"/>
    <property name="java.class.version" value="51.0"/>
    <property name="sun.management.compiler" value="HotSpot Client Compiler"/>
    <property name="os.version" value="6.3"/>
    <property name="user.home" value="C:\Users\aydar"/>
    <property name="user.timezone" value="Africa/Nairobi"/>
    <property name="java.awt.printerjob" value="sun.awt.windows.WPrinterJob"/>
    <property name="java.specification.version" value="1.7"/>
    <property name="idea.launcher.bin.path" value="C:\Program Files (x86)\JetBrains\IntelliJ IDEA 2016.1\bin"/>
    <property name="file.encoding" value="UTF-8"/>
    <property name="user.name" value="aydar"/>
    <property name="java.class.path" value="C:\Program Files (x86)\JetBrains\IntelliJ IDEA 2016.1\plugins\maven\lib\maven3\boot\plexus-classworlds-2.4.jar;C:\Program Files (x86)\JetBrains\IntelliJ IDEA 2016.1\lib\idea_rt.jar"/>
    <property name="java.vm.specification.version" value="1.7"/>
    <property name="sun.arch.data.model" value="32"/>
    <property name="java.home" value="C:\Program Files (x86)\Java\jdk1.7.0_55\jre"/>
    <property name="sun.java.command" value="com.intellij.rt.execution.application.AppMain org.codehaus.classworlds.Launcher -Didea.version=2016.1 clean install"/>
    <property name="java.specification.vendor" value="Oracle Corporation"/>
    <property name="user.language" value="en"/>
    <property name="awt.toolkit" value="sun.awt.windows.WToolkit"/>
    <property name="java.vm.info" value="mixed mode"/>
    <property name="java.version" value="1.7.0_55"/>
    <property name="java.ext.dirs" value="C:\Program Files (x86)\Java\jdk1.7.0_55\jre\lib\ext;C:\Windows\Sun\Java\lib\ext"/>
    <property name="sun.boot.class.path" value="C:\Program Files (x86)\Java\jdk1.7.0_55\jre\lib\resources.jar;C:\Program Files (x86)\Java\jdk1.7.0_55\jre\lib\rt.jar;C:\Program Files (x86)\Java\jdk1.7.0_55\jre\lib\sunrsasign.jar;C:\Program Files (x86)\Java\jdk1.7.0_55\jre\lib\jsse.jar;C:\Program Files (x86)\Java\jdk1.7.0_55\jre\lib\jce.jar;C:\Program Files (x86)\Java\jdk1.7.0_55\jre\lib\charsets.jar;C:\Program Files (x86)\Java\jdk1.7.0_55\jre\lib\jfr.jar;C:\Program Files (x86)\Java\jdk1.7.0_55\jre\classes"/>
    <property name="java.vendor" value="Oracle Corporation"/>
    <property name="maven.home" value="C:\Program Files (x86)\JetBrains\IntelliJ IDEA 2016.1\plugins\maven\lib\maven3"/>
    <property name="file.separator" value="\"/>
    <property name="java.vendor.url.bug" value="http://bugreport.sun.com/bugreport/"/>
    <property name="sun.cpu.endian" value="little"/>
    <property name="sun.io.unicode.encoding" value="UnicodeLittle"/>
    <property name="sun.desktop" value="windows"/>
    <property name="sun.cpu.isalist" value="pentium_pro+mmx pentium_pro pentium+mmx pentium i486 i386 i86"/>
  </properties>
  <testcase time="0.02" classname="org.jtalks.jcommune.plugin.auth.poulpe.PoulpeAuthPluginTest" name="authenticateShouldThrowNoConnectionExceptionIfPoulpeUnavailable"/>
  <testcase time="0.001" classname="org.jtalks.jcommune.plugin.auth.poulpe.PoulpeAuthPluginTest" name="authenticateShouldThrowUnexpectedErrorExceptionIfSomeErrorOccurred"/>
  <testcase time="0.003" classname="org.jtalks.jcommune.plugin.auth.poulpe.PoulpeAuthPluginTest" name="pluginWithIncorrectParametersShouldNotBeConfigured"/>
  <testcase time="0.001" classname="org.jtalks.jcommune.plugin.auth.poulpe.PoulpeAuthPluginTest" name="pluginWithIncorrectParametersShouldThrowException"/>
  <testcase time="0.001" classname="org.jtalks.jcommune.plugin.auth.poulpe.PoulpeAuthPluginTest" name="pluginWithIncorrectUrlShouldNotBeConfigured"/>
  <testcase time="0" classname="org.jtalks.jcommune.plugin.auth.poulpe.PoulpeAuthPluginTest" name="pluginWithIncorrectUrlShouldThrowException"/>
  <testcase time="0.002" classname="org.jtalks.jcommune.plugin.auth.poulpe.PoulpeAuthPluginTest" name="registerUserShouldThrowNoConnectionExceptionIfPoulpeUnavailable"/>
  <testcase time="0.001" classname="org.jtalks.jcommune.plugin.auth.poulpe.PoulpeAuthPluginTest" name="registerUserShouldThrowUnexpectedErrorExceptionIfSomeErrorOccurred"/>
  <testcase time="0.001" classname="org.jtalks.jcommune.plugin.auth.poulpe.PoulpeAuthPluginTest" name="testConfigure"/>
  <testcase time="0.003" classname="org.jtalks.jcommune.plugin.auth.poulpe.PoulpeAuthPluginTest" name="translateLabelWithExistingTranslation"/>
  <testcase time="0" classname="org.jtalks.jcommune.plugin.auth.poulpe.PoulpeAuthPluginTest" name="translateLabelWithoutExistingTranslation"/>
  <testcase time="0.001" classname="org.jtalks.jcommune.plugin.auth.poulpe.PoulpeAuthPluginTest" name="userShouldNotBeAuthenticatedIfSomeErrorOccurred"/>
  <testcase time="0.001" classname="org.jtalks.jcommune.plugin.auth.poulpe.PoulpeAuthPluginTest" name="userShouldNotBeRegisteredIfSomeErrorOccurred"/>
  <testcase time="0" classname="org.jtalks.jcommune.plugin.auth.poulpe.PoulpeAuthPluginTest" name="userWithCorrectParametersShouldBeAuthenticated"/>
  <testcase time="0" classname="org.jtalks.jcommune.plugin.auth.poulpe.PoulpeAuthPluginTest" name="userWithCorrectParametersShouldBeRegistered"/>
  <testcase time="0.483" classname="org.jtalks.jcommune.plugin.auth.poulpe.service.PoulpeAuthServiceIntegrationTest" name="testSendAuthRequestWithInvalidCredentialsShouldFail"/>
  <testcase time="0.005" classname="org.jtalks.jcommune.plugin.auth.poulpe.service.PoulpeAuthServiceIntegrationTest" name="testSendAuthRequestWithValidCredentialsShouldBeSuccessful"/>
  <testcase time="0.814" classname="org.jtalks.jcommune.plugin.auth.poulpe.service.PoulpeAuthServiceIntegrationTest" name="testSendRegistrationRequestShouldBeSuccessful"/>
  <testcase time="0.006" classname="org.jtalks.jcommune.plugin.auth.poulpe.service.PoulpeAuthServiceIntegrationTest" name="testSendRegistrationRequestWithBadResponseShouldFail"/>
  <testcase time="0.007" classname="org.jtalks.jcommune.plugin.auth.poulpe.service.PoulpeAuthServiceIntegrationTest" name="testSendRegistrationRequestWithValidationErrorResponseShouldFail"/>
  <testcase time="0.013" classname="org.jtalks.jcommune.plugin.auth.poulpe.service.PoulpeAuthServiceTest" name="testAuthUserShouldFailIfConnectionErrorOccurred"/>
  <testcase time="0.072" classname="org.jtalks.jcommune.plugin.auth.poulpe.service.PoulpeAuthServiceTest" name="testAuthUserWithCorrectCredentialsShouldBeSuccessful"/>
  <testcase time="0.001" classname="org.jtalks.jcommune.plugin.auth.poulpe.service.PoulpeAuthServiceTest" name="testAuthUserWithInvalidCredentialsShouldFail"/>
  <testcase time="0.002" classname="org.jtalks.jcommune.plugin.auth.poulpe.service.PoulpeAuthServiceTest" name="testRegisterUserShouldFailIfConnectionErrorOccurred"/>
  <testcase time="0" classname="org.jtalks.jcommune.plugin.auth.poulpe.service.PoulpeAuthServiceTest" name="testRegisterUserShouldFailIfInternalServerErrorOccurred"/>
  <testcase time="0" classname="org.jtalks.jcommune.plugin.auth.poulpe.service.PoulpeAuthServiceTest" name="testRegisterUserWithCorrectParametersShouldBeSuccessful"/>
  <testcase time="0.007" classname="org.jtalks.jcommune.plugin.auth.poulpe.service.PoulpeAuthServiceTest" name="testRegisterUserWithInvalidCredentialsShouldFail"/>
</testsuite>